<?xml version="1.0" encoding="UTF-8"?>
<!-- Generated by org.testng.reporters.JUnitReportReporter -->
<testsuite hostname="LAPTOP-8NCIJN2T" failures="0" tests="1" name="com.crm.SDET25.Practice.TestCase1" time="31.706" errors="0" timestamp="2021-11-22T12:56:19 IST" skipped="0">
  <testcase classname="com.crm.SDET25.Practice.TestCase1" name="testCase1" time="31.706"/>
  <system-out/>
</testsuite> <!-- com.crm.SDET25.Practice.TestCase1 -->
