<?xml version="1.0" encoding="UTF-8"?>
<!-- Generated by org.testng.reporters.JUnitReportReporter -->
<testsuite hostname="LAPTOP-8NCIJN2T" failures="0" tests="4" name="com.crm.SDET25.Practice.GetMultipleDataFromExcelFile" time="0.024" errors="0" timestamp="2021-11-25T09:52:02 IST" skipped="0">
  <testcase classname="com.crm.SDET25.Practice.GetMultipleDataFromExcelFile" name="getData" time="0.015"/>
  <system-out/>
  <testcase classname="com.crm.SDET25.Practice.GetMultipleDataFromExcelFile" name="getData" time="0.004"/>
  <system-out/>
  <testcase classname="com.crm.SDET25.Practice.GetMultipleDataFromExcelFile" name="getData" time="0.002"/>
  <system-out/>
  <testcase classname="com.crm.SDET25.Practice.GetMultipleDataFromExcelFile" name="getData" time="0.003"/>
  <system-out/>
</testsuite> <!-- com.crm.SDET25.Practice.GetMultipleDataFromExcelFile -->
