<?xml version="1.0" encoding="UTF-8"?>
<!-- Generated by org.testng.reporters.JUnitReportReporter -->
<testsuite hostname="LAPTOP-8NCIJN2T" failures="0" tests="1" name="com.crm.SDET25.opportunities.pom.DropdownRelatedToandSecondDropdownNotEqualTo" time="52.800" errors="0" timestamp="2021-12-04T18:48:48 IST" skipped="0">
  <testcase classname="com.crm.SDET25.opportunities.pom.DropdownRelatedToandSecondDropdownNotEqualTo" name="searchWithDropdownRelatedToandSecondDropdownNotEqualTo" time="52.800"/>
  <system-out/>
</testsuite> <!-- com.crm.SDET25.opportunities.pom.DropdownRelatedToandSecondDropdownNotEqualTo -->
