<?xml version="1.0" encoding="UTF-8"?>
<!-- Generated by org.testng.reporters.JUnitReportReporter -->
<testsuite hostname="LAPTOP-8NCIJN2T" failures="0" tests="1" name="com.crm.SDET25.Practice.getDataFromJsonFile" time="0.030" errors="0" timestamp="2021-11-25T01:13:36 IST" skipped="0">
  <testcase classname="com.crm.SDET25.Practice.getDataFromJsonFile" name="getTheData" time="0.030"/>
  <system-out/>
</testsuite> <!-- com.crm.SDET25.Practice.getDataFromJsonFile -->
