<?xml version="1.0" encoding="UTF-8"?>
<!-- Generated by org.testng.reporters.JUnitReportReporter -->
<testsuite hostname="LAPTOP-8NCIJN2T" failures="0" tests="1" name="com.crm.SDET25.opportunities.SearchWithDropdownRelatedToandSecondDropdownNotEqualTo" time="51.003" errors="0" timestamp="2021-12-01T02:44:14 IST" skipped="0">
  <testcase classname="com.crm.SDET25.opportunities.SearchWithDropdownRelatedToandSecondDropdownNotEqualTo" name="searchWithDropdownRelatedToandSecondDropdownNotEqualTo" time="51.003"/>
  <system-out/>
</testsuite> <!-- com.crm.SDET25.opportunities.SearchWithDropdownRelatedToandSecondDropdownNotEqualTo -->
