<?xml version="1.0" encoding="UTF-8"?>
<!-- Generated by org.testng.reporters.JUnitReportReporter -->
<testsuite hostname="LAPTOP-8NCIJN2T" failures="0" tests="1" name="com.crm.SDET25.Practice.DropdownRelatedToandSecondDropdownEndsWith" time="45.287" errors="0" timestamp="2021-12-04T13:54:15 IST" skipped="0">
  <testcase classname="com.crm.SDET25.Practice.DropdownRelatedToandSecondDropdownEndsWith" name="searchWithDropdownRelatedToandSecondDropdownEndsWith" time="45.287"/>
  <system-out/>
</testsuite> <!-- com.crm.SDET25.Practice.DropdownRelatedToandSecondDropdownEndsWith -->
