<?xml version="1.0" encoding="UTF-8"?>
<!-- Generated by org.testng.reporters.JUnitReportReporter -->
<testsuite hostname="LAPTOP-8NCIJN2T" failures="0" tests="1" name="com.crm.SDET25.Practice.SampleJDBCExecuteQuery" time="0.548" errors="0" timestamp="2021-11-19T15:07:41 IST" skipped="0">
  <testcase classname="com.crm.SDET25.Practice.SampleJDBCExecuteQuery" name="sampleJDBCExecuteQuery" time="0.548"/>
  <system-out/>
</testsuite> <!-- com.crm.SDET25.Practice.SampleJDBCExecuteQuery -->
