<?xml version="1.0" encoding="UTF-8"?>
<!-- Generated by org.testng.reporters.JUnitReportReporter -->
<testsuite hostname="LAPTOP-8NCIJN2T" failures="0" tests="1" name="com.crm.SDET25.Practice.CreateOrganizationWithEducation" time="35.952" errors="0" timestamp="2021-11-23T17:29:05 IST" skipped="0">
  <testcase classname="com.crm.SDET25.Practice.CreateOrganizationWithEducation" name="testCase2" time="35.952"/>
  <system-out/>
</testsuite> <!-- com.crm.SDET25.Practice.CreateOrganizationWithEducation -->
