<?xml version="1.0" encoding="UTF-8"?>
<!-- Generated by org.testng.reporters.JUnitReportReporter -->
<testsuite hostname="LAPTOP-8NCIJN2T" failures="0" tests="2" name="com.crm.SDET25.opportunities.AdvanceSearchEqualTest" time="94.697" errors="0" timestamp="2021-12-05T01:27:49 IST" skipped="0">
  <testcase classname="com.crm.SDET25.opportunities.AdvanceSearchEqualTest" name="searchWithDropdownRelatedToandSecondDropdownEqualTest" time="48.191"/>
  <system-out/>
  <testcase classname="com.crm.SDET25.opportunities.AdvanceSearchEqualTest" name="searchWithDropdownRelatedToandSecondDropdownContainsTest" time="46.506"/>
  <system-out/>
</testsuite> <!-- com.crm.SDET25.opportunities.AdvanceSearchEqualTest -->
