<?xml version="1.0" encoding="UTF-8"?>
<!-- Generated by org.testng.reporters.JUnitReportReporter -->
<testsuite hostname="LAPTOP-8NCIJN2T" failures="0" tests="1" name="com.crm.SDET25.Practice.GetTheDataFromXmlFile" time="0.015" errors="0" timestamp="2021-11-25T10:09:40 IST" skipped="0">
  <testcase classname="com.crm.SDET25.Practice.GetTheDataFromXmlFile" name="getData" time="0.015"/>
  <system-out/>
</testsuite> <!-- com.crm.SDET25.Practice.GetTheDataFromXmlFile -->
