<?xml version="1.0" encoding="UTF-8"?>
<!-- Generated by org.testng.reporters.JUnitReportReporter -->
<testsuite hostname="LAPTOP-8NCIJN2T" failures="0" tests="1" name="com.crm.SDET25.Practice.SelectDateOnYatra" time="10.199" errors="0" timestamp="2021-11-29T16:02:53 IST" skipped="0">
  <testcase classname="com.crm.SDET25.Practice.SelectDateOnYatra" name="test1" time="10.199"/>
  <system-out/>
</testsuite> <!-- com.crm.SDET25.Practice.SelectDateOnYatra -->
