<?xml version="1.0" encoding="UTF-8"?>
<!-- Generated by org.testng.reporters.JUnitReportReporter -->
<testsuite hostname="LAPTOP-8NCIJN2T" failures="0" tests="1" name="com.crm.SDET25.BasicTestScripts.CreateProduct" time="45.678" errors="0" timestamp="2021-11-26T03:53:06 IST" skipped="0">
  <testcase classname="com.crm.SDET25.BasicTestScripts.CreateProduct" name="getCreateProductData" time="45.678"/>
  <system-out/>
</testsuite> <!-- com.crm.SDET25.BasicTestScripts.CreateProduct -->
