<?xml version="1.0" encoding="UTF-8"?>
<!-- Generated by org.testng.reporters.JUnitReportReporter -->
<testsuite hostname="LAPTOP-8NCIJN2T" failures="0" tests="1" name="com.crm.SDET25.opportunities.SearchWithDropdownRelatedToandSecondDropdownEqual" time="48.385" errors="0" timestamp="2021-12-01T02:31:54 IST" skipped="0">
  <testcase classname="com.crm.SDET25.opportunities.SearchWithDropdownRelatedToandSecondDropdownEqual" name="searchWithDropdownRelatedToandSecondDropdownEqual" time="48.385"/>
  <system-out/>
</testsuite> <!-- com.crm.SDET25.opportunities.SearchWithDropdownRelatedToandSecondDropdownEqual -->
