<?xml version="1.0" encoding="UTF-8"?>
<!-- Generated by org.testng.reporters.JUnitReportReporter -->
<testsuite hostname="LAPTOP-8NCIJN2T" failures="0" tests="5" name="com.crm.SDET25.opportunities.AdvanceSearchTest" time="229.902" errors="0" timestamp="2021-12-05T01:39:10 IST" skipped="0">
  <testcase classname="com.crm.SDET25.opportunities.AdvanceSearchTest" name="searchWithDropdownRelatedToandSecondDropdownEqualTest" time="44.482"/>
  <system-out/>
  <testcase classname="com.crm.SDET25.opportunities.AdvanceSearchTest" name="searchWithDropdownRelatedToandSecondDropdownDoesNotContainsTest" time="45.554"/>
  <system-out/>
  <testcase classname="com.crm.SDET25.opportunities.AdvanceSearchTest" name="searchWithDropdownRelatedToandSecondDropdownContainsTest" time="44.505"/>
  <system-out/>
  <testcase classname="com.crm.SDET25.opportunities.AdvanceSearchTest" name="searchWithDropdownRelatedToandSecondDropdownNotEqualToTest" time="48.310"/>
  <system-out/>
  <testcase classname="com.crm.SDET25.opportunities.AdvanceSearchTest" name="searchWithDropdownRelatedToandSecondDropdownEndsWithTest" time="47.051"/>
  <system-out/>
</testsuite> <!-- com.crm.SDET25.opportunities.AdvanceSearchTest -->
