<?xml version="1.0" encoding="UTF-8"?>
<!-- Generated by org.testng.reporters.JUnitReportReporter -->
<testsuite hostname="LAPTOP-8NCIJN2T" failures="0" tests="1" name="com.crm.SDET25.Practice.clear" time="19.407" errors="0" timestamp="2021-11-28T23:02:56 IST" skipped="0">
  <testcase classname="com.crm.SDET25.Practice.clear" name="getClear" time="19.407"/>
  <system-out/>
</testsuite> <!-- com.crm.SDET25.Practice.clear -->
