<?xml version="1.0" encoding="UTF-8"?>
<!-- Generated by org.testng.reporters.JUnitReportReporter -->
<testsuite hostname="LAPTOP-8NCIJN2T" failures="0" tests="1" name="com.crm.SDET25.BasicTestScripts.GetTheDataFromCommandLineTest" time="0.015" errors="0" timestamp="2021-11-25T12:51:48 IST" skipped="0">
  <testcase classname="com.crm.SDET25.BasicTestScripts.GetTheDataFromCommandLineTest" name="getData" time="0.015"/>
  <system-out/>
</testsuite> <!-- com.crm.SDET25.BasicTestScripts.GetTheDataFromCommandLineTest -->
