<?xml version="1.0" encoding="UTF-8"?>
<!-- Generated by org.testng.reporters.JUnitReportReporter -->
<testsuite hostname="LAPTOP-8NCIJN2T" failures="0" tests="1" name="com.crm.SDET25.Practice.Sample1" time="39.854" errors="0" timestamp="2021-11-20T18:53:21 IST" skipped="0">
  <testcase classname="com.crm.SDET25.Practice.Sample1" name="testCase3" time="39.854"/>
  <system-out/>
</testsuite> <!-- com.crm.SDET25.Practice.Sample1 -->
