<?xml version="1.0" encoding="UTF-8"?>
<!-- Generated by org.testng.reporters.JUnitReportReporter -->
<testsuite hostname="LAPTOP-8NCIJN2T" failures="0" tests="1" name="com.crm.SDET25.Practice.TestCase2" time="32.408" errors="0" timestamp="2021-11-22T12:57:13 IST" skipped="0">
  <testcase classname="com.crm.SDET25.Practice.TestCase2" name="testCase2" time="32.408"/>
  <system-out/>
</testsuite> <!-- com.crm.SDET25.Practice.TestCase2 -->
