<?xml version="1.0" encoding="UTF-8"?>
<!-- Generated by org.testng.reporters.JUnitReportReporter -->
<testsuite hostname="LAPTOP-8NCIJN2T" failures="0" tests="1" name="com.crm.SDET25.Practice.TestCase3" time="43.758" errors="0" timestamp="2021-11-22T12:58:16 IST" skipped="0">
  <testcase classname="com.crm.SDET25.Practice.TestCase3" name="testCase3" time="43.758"/>
  <system-out/>
</testsuite> <!-- com.crm.SDET25.Practice.TestCase3 -->
