<?xml version="1.0" encoding="UTF-8"?>
<!-- Generated by org.testng.reporters.JUnitReportReporter -->
<testsuite hostname="LAPTOP-8NCIJN2T" failures="0" tests="1" name="com.crm.SDET25.Practice.DropdownRelatedToandSecondDropdownContains" time="46.300" errors="0" timestamp="2021-12-04T13:47:27 IST" skipped="0">
  <testcase classname="com.crm.SDET25.Practice.DropdownRelatedToandSecondDropdownContains" name="searchWithDropdownRelatedToandSecondDropdownContains" time="46.300"/>
  <system-out/>
</testsuite> <!-- com.crm.SDET25.Practice.DropdownRelatedToandSecondDropdownContains -->
