<?xml version="1.0" encoding="UTF-8"?>
<!-- Generated by org.testng.reporters.JUnitReportReporter -->
<testsuite hostname="LAPTOP-8NCIJN2T" failures="0" tests="1" name="com.crm.SDET25.opportunities.SearchWithDropdownRelatedToandSecondDropdownContains" time="54.043" errors="0" timestamp="2021-12-02T19:54:15 IST" skipped="0">
  <testcase classname="com.crm.SDET25.opportunities.SearchWithDropdownRelatedToandSecondDropdownContains" name="searchWithDropdownRelatedToandSecondDropdownContains" time="54.043"/>
  <system-out/>
</testsuite> <!-- com.crm.SDET25.opportunities.SearchWithDropdownRelatedToandSecondDropdownContains -->
