<?xml version="1.0" encoding="UTF-8"?>
<!-- Generated by org.testng.reporters.JUnitReportReporter -->
<testsuite hostname="LAPTOP-8NCIJN2T" failures="0" tests="1" name="com.crm.SDET25.contactTest.CreateContactWithOrgTest" time="50.390" errors="0" timestamp="2021-11-30T16:20:37 IST" skipped="0">
  <testcase classname="com.crm.SDET25.contactTest.CreateContactWithOrgTest" name="createContactAndOrg" time="50.390"/>
  <system-out/>
</testsuite> <!-- com.crm.SDET25.contactTest.CreateContactWithOrgTest -->
