<?xml version="1.0" encoding="UTF-8"?>
<!-- Generated by org.testng.reporters.JUnitReportReporter -->
<testsuite hostname="LAPTOP-8NCIJN2T" failures="0" tests="1" name="com.crm.SDET25.BasicTestScripts.CreateVendor" time="30.556" errors="0" timestamp="2021-11-26T02:59:27 IST" skipped="0">
  <testcase classname="com.crm.SDET25.BasicTestScripts.CreateVendor" name="getCreateVendorData" time="30.556"/>
  <system-out/>
</testsuite> <!-- com.crm.SDET25.BasicTestScripts.CreateVendor -->
