<?xml version="1.0" encoding="UTF-8"?>
<!-- Generated by org.testng.reporters.JUnitReportReporter -->
<testsuite hostname="LAPTOP-8NCIJN2T" failures="0" tests="1" name="com.crm.SDET25.opportunities.AdvanceSearchGroupExecution" time="53.997" errors="0" timestamp="2021-12-05T14:14:25 IST" skipped="0">
  <testcase classname="com.crm.SDET25.opportunities.AdvanceSearchGroupExecution" name="searchWithDropdownRelatedToandSecondDropdownStartsWith" time="53.997"/>
  <system-out/>
</testsuite> <!-- com.crm.SDET25.opportunities.AdvanceSearchGroupExecution -->
