<?xml version="1.0" encoding="UTF-8"?>
<!-- Generated by org.testng.reporters.JUnitReportReporter -->
<testsuite hostname="LAPTOP-8NCIJN2T" failures="0" tests="1" name="com.crm.SDET25.opportunities.SearchWithDropdownRelatedToandSecondDropdownDoesNotContains" time="49.580" errors="0" timestamp="2021-12-01T03:04:25 IST" skipped="0">
  <testcase classname="com.crm.SDET25.opportunities.SearchWithDropdownRelatedToandSecondDropdownDoesNotContains" name="searchWithDropdownRelatedToandSecondDropdownDoesNotContains" time="49.580"/>
  <system-out/>
</testsuite> <!-- com.crm.SDET25.opportunities.SearchWithDropdownRelatedToandSecondDropdownDoesNotContains -->
