<?xml version="1.0" encoding="UTF-8"?>
<!-- Generated by org.testng.reporters.JUnitReportReporter -->
<testsuite hostname="LAPTOP-8NCIJN2T" failures="0" tests="1" name="com.crm.SDET25.opportunities.pom.AdvanceSearchNoneTest" time="59.592" errors="0" timestamp="2021-12-11T22:42:00 IST" skipped="0">
  <testcase classname="com.crm.SDET25.opportunities.pom.AdvanceSearchNoneTest" name="searchWithDropdownRelatedToandSecondDropdownNoneTest" time="59.592"/>
  <system-out/>
</testsuite> <!-- com.crm.SDET25.opportunities.pom.AdvanceSearchNoneTest -->
